move_forward
move_right
move_right
arm_retract
arm_retract
arm_retract
arm_retract
arm_move_up
arm_move_up
move_left
move_left
move_left
move_left
move_left
move_left
move_left
move_forward
move_forward
move_forward
move_forward
move_forward
move_forward
move_forward
move_forward
move_forward
move_forward
move_forward
move_forward
move_forward
move_forward
move_forward
move_forward
move_right
move_right
move_right
move_right
move_right
move_left
move_left
move_left
move_left
move_left
move_left
move_left
move_left
move_left
move_left
move_left
move_right
move_forward
move_forward
move_forward
move_forward
move_forward
move_forward
move_forward
move_forward
move_forward
move_forward
move_forward
move_forward
move_forward
move_forward
move_forward
move_forward
move_forward
move_forward
move_forward
move_forward
move_right
move_forward
move_forward
move_forward
move_left
move_left
move_right
move_right
move_right
move_right
move_right
move_right
move_right
move_right
move_right
move_right
move_right
move_right
move_right
move_right
move_right
arm_retract
arm_retract
arm_retract
move_right
move_right
move_right
move_right
move_right
move_right
move_right
move_right
move_right
move_right
move_right
move_right
move_right
move_right
move_right
move_right
move_right
move_right
move_right
move_right
move_right
move_right
move_left
move_left
move_left
move_left
move_left
move_left
move_left
move_left
move_left
move_left
move_left
move_left
move_left
move_left
arm_move_up
arm_move_up
arm_move_up
move_forward
move_forward
move_forward
move_forward
move_forward
move_forward
move_forward
move_forward
move_forward
move_forward
move_forward
move_forward
move_forward
move_forward
move_right
move_right
move_right
move_forward
move_forward
move_forward
move_forward
move_forward
move_forward
arm_move_down
arm_move_down
arm_move_down
arm_move_down
arm_move_down
arm_move_down
arm_move_down
arm_move_down
arm_move_down
arm_move_down
arm_move_down
arm_move_down
arm_move_down
arm_move_down
arm_move_down
arm_move_down
arm_move_down
arm_move_down
move_left
move_left
arm_move_down
arm_move_up
arm_move_up
arm_move_extend
arm_move_extend
arm_move_up
arm_move_up
arm_move_up
arm_move_up
arm_retract
arm_move_down
arm_retract
arm_retract
arm_move_up
arm_retract
arm_retract
arm_retract
arm_retract
arm_retract
arm_retract
arm_retract
arm_retract
arm_retract
arm_retract
arm_retract
arm_retract
arm_retract
arm_retract
arm_retract
arm_retract
arm_retract
arm_retract
move_left
move_left
move_left
move_left
move_left
move_left
move_left
move_right
move_right
arm_retract
arm_retract
arm_retract
arm_move_down
arm_move_down
arm_move_down
arm_move_down
arm_move_down
move_left
arm_move_up
arm_move_up
arm_move_up
arm_move_up
arm_move_up
arm_move_up
arm_move_up
arm_retract
arm_retract
arm_retract
arm_retract
arm_retract
arm_retract
arm_retract
arm_retract
arm_retract
arm_move_down
arm_move_down
open_gripper
open_gripper
open_gripper
open_gripper
open_gripper
open_gripper
open_gripper
arm_move_down
arm_move_down
arm_move_down
arm_move_extend
arm_move_extend
arm_move_extend
arm_move_extend
arm_move_down
arm_move_down
arm_move_down
arm_move_down
arm_move_extend
arm_move_extend
close_gripper
close_gripper
close_gripper
close_gripper
close_gripper
close_gripper
close_gripper
open_gripper
open_gripper
open_gripper
close_gripper
close_gripper
close_gripper
close_gripper
close_gripper
close_gripper
close_gripper
close_gripper
close_gripper
close_gripper
close_gripper
close_gripper
close_gripper
close_gripper
close_gripper
close_gripper
close_gripper
close_gripper
close_gripper
close_gripper
close_gripper
close_gripper
close_gripper
close_gripper
move_forward
move_forward
arm_move_up
arm_move_up
arm_move_up
arm_move_up
arm_move_up
arm_move_up
arm_move_up
arm_move_up
arm_move_up
arm_move_up
move_right
move_right
move_right
move_right
move_right
move_right
move_right
move_right
move_right
move_right
move_right
move_right
move_right
move_right
move_right
move_right
move_right
move_right
move_right
move_right
move_right
move_right
move_right
move_right
move_right
move_right
arm_retract
arm_retract
arm_retract
arm_retract
arm_retract
arm_retract
arm_retract
arm_move_extend
arm_move_extend
arm_move_extend
arm_move_extend
arm_move_extend
arm_move_extend
arm_move_extend
arm_move_extend
arm_move_extend
arm_move_extend
arm_move_extend
arm_move_extend
arm_move_extend
arm_move_extend
arm_move_extend
arm_move_extend
arm_move_extend
arm_move_extend
arm_move_extend
arm_move_extend
arm_move_extend
arm_move_extend
arm_move_extend
move_right
move_right
move_right
move_right
move_right
move_right
move_right
move_right
move_right
move_right
move_right
arm_retract
arm_retract
arm_retract
arm_retract
arm_retract
arm_retract
move_left
move_left
move_left
move_left
move_left
move_left
move_left
